10.212.1.210, 127.0.0.1 - - [19/Jul/2011 15:24:51] "GET /1 " 302 - 0.1783
12.10.126.135 - - [19/Jul/2011 15:25:26] "GET / " 200 329 0.0080
10.212.1.210, 127.0.0.1 - - [19/Jul/2011 15:51:46] "GET /1 " 302 - 0.0023
Haml::SyntaxError - Illegal element: classes and ids must have values.:
 /var/sinatra/views/index.haml:1
 /usr/local/rvm/gems/ruby-1.9.2-p180/gems/haml-3.1.2/lib/haml/parser.rb:466:in `parse_tag'
 /usr/local/rvm/gems/ruby-1.9.2-p180/gems/haml-3.1.2/lib/haml/parser.rb:280:in `tag'
 /usr/local/rvm/gems/ruby-1.9.2-p180/gems/haml-3.1.2/lib/haml/parser.rb:359:in `div'
 /usr/local/rvm/gems/ruby-1.9.2-p180/gems/haml-3.1.2/lib/haml/parser.rb:185:in `process_line'
 /usr/local/rvm/gems/ruby-1.9.2-p180/gems/haml-3.1.2/lib/haml/parser.rb:148:in `parse'
 /usr/local/rvm/gems/ruby-1.9.2-p180/gems/haml-3.1.2/lib/haml/engine.rb:124:in `initialize'
 /usr/local/rvm/gems/ruby-1.9.2-p180/gems/tilt-1.3.2/lib/tilt/haml.rb:19:in `new'
 /usr/local/rvm/gems/ruby-1.9.2-p180/gems/tilt-1.3.2/lib/tilt/haml.rb:19:in `prepare'
 /usr/local/rvm/gems/ruby-1.9.2-p180/gems/tilt-1.3.2/lib/tilt/template.rb:69:in `initialize'
 /usr/local/rvm/gems/ruby-1.9.2-p180/gems/sinatra-1.2.6/lib/sinatra/base.rb:599:in `new'
 /usr/local/rvm/gems/ruby-1.9.2-p180/gems/sinatra-1.2.6/lib/sinatra/base.rb:599:in `block in compile_template'
 /usr/local/rvm/gems/ruby-1.9.2-p180/gems/tilt-1.3.2/lib/tilt.rb:127:in `fetch'
 /usr/local/rvm/gems/ruby-1.9.2-p180/gems/sinatra-1.2.6/lib/sinatra/base.rb:578:in `compile_template'
 /usr/local/rvm/gems/ruby-1.9.2-p180/gems/sinatra-1.2.6/lib/sinatra/base.rb:562:in `render'
 /usr/local/rvm/gems/ruby-1.9.2-p180/gems/sinatra-1.2.6/lib/sinatra/base.rb:463:in `haml'
 /var/sinatra/app.rb:24:in `block in <top (required)>'
 /usr/local/rvm/gems/ruby-1.9.2-p180/gems/sinatra-1.2.6/lib/sinatra/base.rb:1152:in `call'
 /usr/local/rvm/gems/ruby-1.9.2-p180/gems/sinatra-1.2.6/lib/sinatra/base.rb:1152:in `block in compile!'
 /usr/local/rvm/gems/ruby-1.9.2-p180/gems/sinatra-1.2.6/lib/sinatra/base.rb:724:in `instance_eval'
 /usr/local/rvm/gems/ruby-1.9.2-p180/gems/sinatra-1.2.6/lib/sinatra/base.rb:724:in `route_eval'
 /usr/local/rvm/gems/ruby-1.9.2-p180/gems/sinatra-1.2.6/lib/sinatra/base.rb:708:in `block (2 levels) in route!'
 /usr/local/rvm/gems/ruby-1.9.2-p180/gems/sinatra-1.2.6/lib/sinatra/base.rb:758:in `block in process_route'
 /usr/local/rvm/gems/ruby-1.9.2-p180/gems/sinatra-1.2.6/lib/sinatra/base.rb:755:in `catch'
 /usr/local/rvm/gems/ruby-1.9.2-p180/gems/sinatra-1.2.6/lib/sinatra/base.rb:755:in `process_route'
 /usr/local/rvm/gems/ruby-1.9.2-p180/gems/sinatra-1.2.6/lib/sinatra/base.rb:707:in `block in route!'
 /usr/local/rvm/gems/ruby-1.9.2-p180/gems/sinatra-1.2.6/lib/sinatra/base.rb:706:in `each'
 /usr/local/rvm/gems/ruby-1.9.2-p180/gems/sinatra-1.2.6/lib/sinatra/base.rb:706:in `route!'
 /usr/local/rvm/gems/ruby-1.9.2-p180/gems/sinatra-1.2.6/lib/sinatra/base.rb:843:in `dispatch!'
 /usr/local/rvm/gems/ruby-1.9.2-p180/gems/sinatra-1.2.6/lib/sinatra/base.rb:644:in `block in call!'
 /usr/local/rvm/gems/ruby-1.9.2-p180/gems/sinatra-1.2.6/lib/sinatra/base.rb:808:in `instance_eval'
 /usr/local/rvm/gems/ruby-1.9.2-p180/gems/sinatra-1.2.6/lib/sinatra/base.rb:808:in `block in invoke'
 /usr/local/rvm/gems/ruby-1.9.2-p180/gems/sinatra-1.2.6/lib/sinatra/base.rb:808:in `catch'
 /usr/local/rvm/gems/ruby-1.9.2-p180/gems/sinatra-1.2.6/lib/sinatra/base.rb:808:in `invoke'
 /usr/local/rvm/gems/ruby-1.9.2-p180/gems/sinatra-1.2.6/lib/sinatra/base.rb:644:in `call!'
 /usr/local/rvm/gems/ruby-1.9.2-p180/gems/sinatra-1.2.6/lib/sinatra/base.rb:629:in `call'
 /usr/local/rvm/gems/ruby-1.9.2-p180/gems/rack-1.3.1/lib/rack/head.rb:9:in `call'
 /usr/local/rvm/gems/ruby-1.9.2-p180/gems/rack-1.3.1/lib/rack/commonlogger.rb:20:in `call'
 /usr/local/rvm/gems/ruby-1.9.2-p180/gems/sinatra-1.2.6/lib/sinatra/showexceptions.rb:21:in `call'
 /usr/local/rvm/gems/ruby-1.9.2-p180/gems/rack-1.3.1/lib/rack/methodoverride.rb:24:in `call'
 /usr/local/rvm/gems/ruby-1.9.2-p180/gems/sinatra-1.2.6/lib/sinatra/base.rb:1272:in `block in call'
 /usr/local/rvm/gems/ruby-1.9.2-p180/gems/sinatra-1.2.6/lib/sinatra/base.rb:1303:in `synchronize'
 /usr/local/rvm/gems/ruby-1.9.2-p180/gems/sinatra-1.2.6/lib/sinatra/base.rb:1272:in `call'
 /usr/local/rvm/gems/ruby-1.9.2-p180/gems/passenger-3.0.7/lib/phusion_passenger/rack/request_handler.rb:96:in `process_request'
 /usr/local/rvm/gems/ruby-1.9.2-p180/gems/passenger-3.0.7/lib/phusion_passenger/abstract_request_handler.rb:513:in `accept_and_process_next_request'
 /usr/local/rvm/gems/ruby-1.9.2-p180/gems/passenger-3.0.7/lib/phusion_passenger/abstract_request_handler.rb:274:in `main_loop'
 /usr/local/rvm/gems/ruby-1.9.2-p180/gems/passenger-3.0.7/lib/phusion_passenger/rack/application_spawner.rb:205:in `start_request_handler'
 /usr/local/rvm/gems/ruby-1.9.2-p180/gems/passenger-3.0.7/lib/phusion_passenger/rack/application_spawner.rb:170:in `block in handle_spawn_application'
 /usr/local/rvm/gems/ruby-1.9.2-p180/gems/passenger-3.0.7/lib/phusion_passenger/utils.rb:479:in `safe_fork'
 /usr/local/rvm/gems/ruby-1.9.2-p180/gems/passenger-3.0.7/lib/phusion_passenger/rack/application_spawner.rb:165:in `handle_spawn_application'
 /usr/local/rvm/gems/ruby-1.9.2-p180/gems/passenger-3.0.7/lib/phusion_passenger/abstract_server.rb:357:in `server_main_loop'
 /usr/local/rvm/gems/ruby-1.9.2-p180/gems/passenger-3.0.7/lib/phusion_passenger/abstract_server.rb:206:in `start_synchronously'
 /usr/local/rvm/gems/ruby-1.9.2-p180/gems/passenger-3.0.7/lib/phusion_passenger/abstract_server.rb:180:in `start'
 /usr/local/rvm/gems/ruby-1.9.2-p180/gems/passenger-3.0.7/lib/phusion_passenger/rack/application_spawner.rb:128:in `start'
 /usr/local/rvm/gems/ruby-1.9.2-p180/gems/passenger-3.0.7/lib/phusion_passenger/spawn_manager.rb:253:in `block (2 levels) in spawn_rack_application'
 /usr/local/rvm/gems/ruby-1.9.2-p180/gems/passenger-3.0.7/lib/phusion_passenger/abstract_server_collection.rb:132:in `lookup_or_add'
 /usr/local/rvm/gems/ruby-1.9.2-p180/gems/passenger-3.0.7/lib/phusion_passenger/spawn_manager.rb:246:in `block in spawn_rack_application'
 /usr/local/rvm/gems/ruby-1.9.2-p180/gems/passenger-3.0.7/lib/phusion_passenger/abstract_server_collection.rb:82:in `block in synchronize'
 <internal:prelude>:10:in `synchronize'
 /usr/local/rvm/gems/ruby-1.9.2-p180/gems/passenger-3.0.7/lib/phusion_passenger/abstract_server_collection.rb:79:in `synchronize'
 /usr/local/rvm/gems/ruby-1.9.2-p180/gems/passenger-3.0.7/lib/phusion_passenger/spawn_manager.rb:244:in `spawn_rack_application'
 /usr/local/rvm/gems/ruby-1.9.2-p180/gems/passenger-3.0.7/lib/phusion_passenger/spawn_manager.rb:137:in `spawn_application'
 /usr/local/rvm/gems/ruby-1.9.2-p180/gems/passenger-3.0.7/lib/phusion_passenger/spawn_manager.rb:275:in `handle_spawn_application'
 /usr/local/rvm/gems/ruby-1.9.2-p180/gems/passenger-3.0.7/lib/phusion_passenger/abstract_server.rb:357:in `server_main_loop'
 /usr/local/rvm/gems/ruby-1.9.2-p180/gems/passenger-3.0.7/lib/phusion_passenger/abstract_server.rb:206:in `start_synchronously'
 /usr/local/rvm/gems/ruby-1.9.2-p180/gems/passenger-3.0.7/helper-scripts/passenger-spawn-server:99:in `<main>'
173.30.146.172 - - [19/Jul/2011 20:01:09] "GET /__sinatra__/500.png " 404 18 0.0007
Haml::SyntaxError - Illegal element: classes and ids must have values.:
 /var/sinatra/views/index.haml:1
 /usr/local/rvm/gems/ruby-1.9.2-p180/gems/haml-3.1.2/lib/haml/parser.rb:466:in `parse_tag'
 /usr/local/rvm/gems/ruby-1.9.2-p180/gems/haml-3.1.2/lib/haml/parser.rb:280:in `tag'
 /usr/local/rvm/gems/ruby-1.9.2-p180/gems/haml-3.1.2/lib/haml/parser.rb:359:in `div'
 /usr/local/rvm/gems/ruby-1.9.2-p180/gems/haml-3.1.2/lib/haml/parser.rb:185:in `process_line'
 /usr/local/rvm/gems/ruby-1.9.2-p180/gems/haml-3.1.2/lib/haml/parser.rb:148:in `parse'
 /usr/local/rvm/gems/ruby-1.9.2-p180/gems/haml-3.1.2/lib/haml/engine.rb:124:in `initialize'
 /usr/local/rvm/gems/ruby-1.9.2-p180/gems/tilt-1.3.2/lib/tilt/haml.rb:19:in `new'
 /usr/local/rvm/gems/ruby-1.9.2-p180/gems/tilt-1.3.2/lib/tilt/haml.rb:19:in `prepare'
 /usr/local/rvm/gems/ruby-1.9.2-p180/gems/tilt-1.3.2/lib/tilt/template.rb:69:in `initialize'
 /usr/local/rvm/gems/ruby-1.9.2-p180/gems/sinatra-1.2.6/lib/sinatra/base.rb:599:in `new'
 /usr/local/rvm/gems/ruby-1.9.2-p180/gems/sinatra-1.2.6/lib/sinatra/base.rb:599:in `block in compile_template'
 /usr/local/rvm/gems/ruby-1.9.2-p180/gems/tilt-1.3.2/lib/tilt.rb:127:in `fetch'
 /usr/local/rvm/gems/ruby-1.9.2-p180/gems/sinatra-1.2.6/lib/sinatra/base.rb:578:in `compile_template'
 /usr/local/rvm/gems/ruby-1.9.2-p180/gems/sinatra-1.2.6/lib/sinatra/base.rb:562:in `render'
 /usr/local/rvm/gems/ruby-1.9.2-p180/gems/sinatra-1.2.6/lib/sinatra/base.rb:463:in `haml'
 /var/sinatra/app.rb:24:in `block in <top (required)>'
 /usr/local/rvm/gems/ruby-1.9.2-p180/gems/sinatra-1.2.6/lib/sinatra/base.rb:1152:in `call'
 /usr/local/rvm/gems/ruby-1.9.2-p180/gems/sinatra-1.2.6/lib/sinatra/base.rb:1152:in `block in compile!'
 /usr/local/rvm/gems/ruby-1.9.2-p180/gems/sinatra-1.2.6/lib/sinatra/base.rb:724:in `instance_eval'
 /usr/local/rvm/gems/ruby-1.9.2-p180/gems/sinatra-1.2.6/lib/sinatra/base.rb:724:in `route_eval'
 /usr/local/rvm/gems/ruby-1.9.2-p180/gems/sinatra-1.2.6/lib/sinatra/base.rb:708:in `block (2 levels) in route!'
 /usr/local/rvm/gems/ruby-1.9.2-p180/gems/sinatra-1.2.6/lib/sinatra/base.rb:758:in `block in process_route'
 /usr/local/rvm/gems/ruby-1.9.2-p180/gems/sinatra-1.2.6/lib/sinatra/base.rb:755:in `catch'
 /usr/local/rvm/gems/ruby-1.9.2-p180/gems/sinatra-1.2.6/lib/sinatra/base.rb:755:in `process_route'
 /usr/local/rvm/gems/ruby-1.9.2-p180/gems/sinatra-1.2.6/lib/sinatra/base.rb:707:in `block in route!'
 /usr/local/rvm/gems/ruby-1.9.2-p180/gems/sinatra-1.2.6/lib/sinatra/base.rb:706:in `each'
 /usr/local/rvm/gems/ruby-1.9.2-p180/gems/sinatra-1.2.6/lib/sinatra/base.rb:706:in `route!'
 /usr/local/rvm/gems/ruby-1.9.2-p180/gems/sinatra-1.2.6/lib/sinatra/base.rb:843:in `dispatch!'
 /usr/local/rvm/gems/ruby-1.9.2-p180/gems/sinatra-1.2.6/lib/sinatra/base.rb:644:in `block in call!'
 /usr/local/rvm/gems/ruby-1.9.2-p180/gems/sinatra-1.2.6/lib/sinatra/base.rb:808:in `instance_eval'
 /usr/local/rvm/gems/ruby-1.9.2-p180/gems/sinatra-1.2.6/lib/sinatra/base.rb:808:in `block in invoke'
 /usr/local/rvm/gems/ruby-1.9.2-p180/gems/sinatra-1.2.6/lib/sinatra/base.rb:808:in `catch'
 /usr/local/rvm/gems/ruby-1.9.2-p180/gems/sinatra-1.2.6/lib/sinatra/base.rb:808:in `invoke'
 /usr/local/rvm/gems/ruby-1.9.2-p180/gems/sinatra-1.2.6/lib/sinatra/base.rb:644:in `call!'
 /usr/local/rvm/gems/ruby-1.9.2-p180/gems/sinatra-1.2.6/lib/sinatra/base.rb:629:in `call'
 /usr/local/rvm/gems/ruby-1.9.2-p180/gems/rack-1.3.1/lib/rack/head.rb:9:in `call'
 /usr/local/rvm/gems/ruby-1.9.2-p180/gems/rack-1.3.1/lib/rack/commonlogger.rb:20:in `call'
 /usr/local/rvm/gems/ruby-1.9.2-p180/gems/sinatra-1.2.6/lib/sinatra/showexceptions.rb:21:in `call'
 /usr/local/rvm/gems/ruby-1.9.2-p180/gems/rack-1.3.1/lib/rack/methodoverride.rb:24:in `call'
 /usr/local/rvm/gems/ruby-1.9.2-p180/gems/sinatra-1.2.6/lib/sinatra/base.rb:1272:in `block in call'
 /usr/local/rvm/gems/ruby-1.9.2-p180/gems/sinatra-1.2.6/lib/sinatra/base.rb:1303:in `synchronize'
 /usr/local/rvm/gems/ruby-1.9.2-p180/gems/sinatra-1.2.6/lib/sinatra/base.rb:1272:in `call'
 /usr/local/rvm/gems/ruby-1.9.2-p180/gems/passenger-3.0.7/lib/phusion_passenger/rack/request_handler.rb:96:in `process_request'
 /usr/local/rvm/gems/ruby-1.9.2-p180/gems/passenger-3.0.7/lib/phusion_passenger/abstract_request_handler.rb:513:in `accept_and_process_next_request'
 /usr/local/rvm/gems/ruby-1.9.2-p180/gems/passenger-3.0.7/lib/phusion_passenger/abstract_request_handler.rb:274:in `main_loop'
 /usr/local/rvm/gems/ruby-1.9.2-p180/gems/passenger-3.0.7/lib/phusion_passenger/rack/application_spawner.rb:205:in `start_request_handler'
 /usr/local/rvm/gems/ruby-1.9.2-p180/gems/passenger-3.0.7/lib/phusion_passenger/rack/application_spawner.rb:170:in `block in handle_spawn_application'
 /usr/local/rvm/gems/ruby-1.9.2-p180/gems/passenger-3.0.7/lib/phusion_passenger/utils.rb:479:in `safe_fork'
 /usr/local/rvm/gems/ruby-1.9.2-p180/gems/passenger-3.0.7/lib/phusion_passenger/rack/application_spawner.rb:165:in `handle_spawn_application'
 /usr/local/rvm/gems/ruby-1.9.2-p180/gems/passenger-3.0.7/lib/phusion_passenger/abstract_server.rb:357:in `server_main_loop'
 /usr/local/rvm/gems/ruby-1.9.2-p180/gems/passenger-3.0.7/lib/phusion_passenger/abstract_server.rb:206:in `start_synchronously'
 /usr/local/rvm/gems/ruby-1.9.2-p180/gems/passenger-3.0.7/lib/phusion_passenger/abstract_server.rb:180:in `start'
 /usr/local/rvm/gems/ruby-1.9.2-p180/gems/passenger-3.0.7/lib/phusion_passenger/rack/application_spawner.rb:128:in `start'
 /usr/local/rvm/gems/ruby-1.9.2-p180/gems/passenger-3.0.7/lib/phusion_passenger/spawn_manager.rb:253:in `block (2 levels) in spawn_rack_application'
 /usr/local/rvm/gems/ruby-1.9.2-p180/gems/passenger-3.0.7/lib/phusion_passenger/abstract_server_collection.rb:132:in `lookup_or_add'
 /usr/local/rvm/gems/ruby-1.9.2-p180/gems/passenger-3.0.7/lib/phusion_passenger/spawn_manager.rb:246:in `block in spawn_rack_application'
 /usr/local/rvm/gems/ruby-1.9.2-p180/gems/passenger-3.0.7/lib/phusion_passenger/abstract_server_collection.rb:82:in `block in synchronize'
 <internal:prelude>:10:in `synchronize'
 /usr/local/rvm/gems/ruby-1.9.2-p180/gems/passenger-3.0.7/lib/phusion_passenger/abstract_server_collection.rb:79:in `synchronize'
 /usr/local/rvm/gems/ruby-1.9.2-p180/gems/passenger-3.0.7/lib/phusion_passenger/spawn_manager.rb:244:in `spawn_rack_application'
 /usr/local/rvm/gems/ruby-1.9.2-p180/gems/passenger-3.0.7/lib/phusion_passenger/spawn_manager.rb:137:in `spawn_application'
 /usr/local/rvm/gems/ruby-1.9.2-p180/gems/passenger-3.0.7/lib/phusion_passenger/spawn_manager.rb:275:in `handle_spawn_application'
 /usr/local/rvm/gems/ruby-1.9.2-p180/gems/passenger-3.0.7/lib/phusion_passenger/abstract_server.rb:357:in `server_main_loop'
 /usr/local/rvm/gems/ruby-1.9.2-p180/gems/passenger-3.0.7/lib/phusion_passenger/abstract_server.rb:206:in `start_synchronously'
 /usr/local/rvm/gems/ruby-1.9.2-p180/gems/passenger-3.0.7/helper-scripts/passenger-spawn-server:99:in `<main>'
173.30.146.172 - - [19/Jul/2011 20:01:22] "GET /__sinatra__/500.png " 404 18 0.0010
Haml::SyntaxError - Illegal element: classes and ids must have values.:
 /var/sinatra/views/index.haml:1
 /usr/local/rvm/gems/ruby-1.9.2-p180/gems/haml-3.1.2/lib/haml/parser.rb:466:in `parse_tag'
 /usr/local/rvm/gems/ruby-1.9.2-p180/gems/haml-3.1.2/lib/haml/parser.rb:280:in `tag'
 /usr/local/rvm/gems/ruby-1.9.2-p180/gems/haml-3.1.2/lib/haml/parser.rb:359:in `div'
 /usr/local/rvm/gems/ruby-1.9.2-p180/gems/haml-3.1.2/lib/haml/parser.rb:185:in `process_line'
 /usr/local/rvm/gems/ruby-1.9.2-p180/gems/haml-3.1.2/lib/haml/parser.rb:148:in `parse'
 /usr/local/rvm/gems/ruby-1.9.2-p180/gems/haml-3.1.2/lib/haml/engine.rb:124:in `initialize'
 /usr/local/rvm/gems/ruby-1.9.2-p180/gems/tilt-1.3.2/lib/tilt/haml.rb:19:in `new'
 /usr/local/rvm/gems/ruby-1.9.2-p180/gems/tilt-1.3.2/lib/tilt/haml.rb:19:in `prepare'
 /usr/local/rvm/gems/ruby-1.9.2-p180/gems/tilt-1.3.2/lib/tilt/template.rb:69:in `initialize'
 /usr/local/rvm/gems/ruby-1.9.2-p180/gems/sinatra-1.2.6/lib/sinatra/base.rb:599:in `new'
 /usr/local/rvm/gems/ruby-1.9.2-p180/gems/sinatra-1.2.6/lib/sinatra/base.rb:599:in `block in compile_template'
 /usr/local/rvm/gems/ruby-1.9.2-p180/gems/tilt-1.3.2/lib/tilt.rb:127:in `fetch'
 /usr/local/rvm/gems/ruby-1.9.2-p180/gems/sinatra-1.2.6/lib/sinatra/base.rb:578:in `compile_template'
 /usr/local/rvm/gems/ruby-1.9.2-p180/gems/sinatra-1.2.6/lib/sinatra/base.rb:562:in `render'
 /usr/local/rvm/gems/ruby-1.9.2-p180/gems/sinatra-1.2.6/lib/sinatra/base.rb:463:in `haml'
 /var/sinatra/app.rb:24:in `block in <top (required)>'
 /usr/local/rvm/gems/ruby-1.9.2-p180/gems/sinatra-1.2.6/lib/sinatra/base.rb:1152:in `call'
 /usr/local/rvm/gems/ruby-1.9.2-p180/gems/sinatra-1.2.6/lib/sinatra/base.rb:1152:in `block in compile!'
 /usr/local/rvm/gems/ruby-1.9.2-p180/gems/sinatra-1.2.6/lib/sinatra/base.rb:724:in `instance_eval'
 /usr/local/rvm/gems/ruby-1.9.2-p180/gems/sinatra-1.2.6/lib/sinatra/base.rb:724:in `route_eval'
 /usr/local/rvm/gems/ruby-1.9.2-p180/gems/sinatra-1.2.6/lib/sinatra/base.rb:708:in `block (2 levels) in route!'
 /usr/local/rvm/gems/ruby-1.9.2-p180/gems/sinatra-1.2.6/lib/sinatra/base.rb:758:in `block in process_route'
 /usr/local/rvm/gems/ruby-1.9.2-p180/gems/sinatra-1.2.6/lib/sinatra/base.rb:755:in `catch'
 /usr/local/rvm/gems/ruby-1.9.2-p180/gems/sinatra-1.2.6/lib/sinatra/base.rb:755:in `process_route'
 /usr/local/rvm/gems/ruby-1.9.2-p180/gems/sinatra-1.2.6/lib/sinatra/base.rb:707:in `block in route!'
 /usr/local/rvm/gems/ruby-1.9.2-p180/gems/sinatra-1.2.6/lib/sinatra/base.rb:706:in `each'
 /usr/local/rvm/gems/ruby-1.9.2-p180/gems/sinatra-1.2.6/lib/sinatra/base.rb:706:in `route!'
 /usr/local/rvm/gems/ruby-1.9.2-p180/gems/sinatra-1.2.6/lib/sinatra/base.rb:843:in `dispatch!'
 /usr/local/rvm/gems/ruby-1.9.2-p180/gems/sinatra-1.2.6/lib/sinatra/base.rb:644:in `block in call!'
 /usr/local/rvm/gems/ruby-1.9.2-p180/gems/sinatra-1.2.6/lib/sinatra/base.rb:808:in `instance_eval'
 /usr/local/rvm/gems/ruby-1.9.2-p180/gems/sinatra-1.2.6/lib/sinatra/base.rb:808:in `block in invoke'
 /usr/local/rvm/gems/ruby-1.9.2-p180/gems/sinatra-1.2.6/lib/sinatra/base.rb:808:in `catch'
 /usr/local/rvm/gems/ruby-1.9.2-p180/gems/sinatra-1.2.6/lib/sinatra/base.rb:808:in `invoke'
 /usr/local/rvm/gems/ruby-1.9.2-p180/gems/sinatra-1.2.6/lib/sinatra/base.rb:644:in `call!'
 /usr/local/rvm/gems/ruby-1.9.2-p180/gems/sinatra-1.2.6/lib/sinatra/base.rb:629:in `call'
 /usr/local/rvm/gems/ruby-1.9.2-p180/gems/rack-1.3.1/lib/rack/head.rb:9:in `call'
 /usr/local/rvm/gems/ruby-1.9.2-p180/gems/rack-1.3.1/lib/rack/commonlogger.rb:20:in `call'
 /usr/local/rvm/gems/ruby-1.9.2-p180/gems/sinatra-1.2.6/lib/sinatra/showexceptions.rb:21:in `call'
 /usr/local/rvm/gems/ruby-1.9.2-p180/gems/rack-1.3.1/lib/rack/methodoverride.rb:24:in `call'
 /usr/local/rvm/gems/ruby-1.9.2-p180/gems/sinatra-1.2.6/lib/sinatra/base.rb:1272:in `block in call'
 /usr/local/rvm/gems/ruby-1.9.2-p180/gems/sinatra-1.2.6/lib/sinatra/base.rb:1303:in `synchronize'
 /usr/local/rvm/gems/ruby-1.9.2-p180/gems/sinatra-1.2.6/lib/sinatra/base.rb:1272:in `call'
 /usr/local/rvm/gems/ruby-1.9.2-p180/gems/passenger-3.0.7/lib/phusion_passenger/rack/request_handler.rb:96:in `process_request'
 /usr/local/rvm/gems/ruby-1.9.2-p180/gems/passenger-3.0.7/lib/phusion_passenger/abstract_request_handler.rb:513:in `accept_and_process_next_request'
 /usr/local/rvm/gems/ruby-1.9.2-p180/gems/passenger-3.0.7/lib/phusion_passenger/abstract_request_handler.rb:274:in `main_loop'
 /usr/local/rvm/gems/ruby-1.9.2-p180/gems/passenger-3.0.7/lib/phusion_passenger/rack/application_spawner.rb:205:in `start_request_handler'
 /usr/local/rvm/gems/ruby-1.9.2-p180/gems/passenger-3.0.7/lib/phusion_passenger/rack/application_spawner.rb:170:in `block in handle_spawn_application'
 /usr/local/rvm/gems/ruby-1.9.2-p180/gems/passenger-3.0.7/lib/phusion_passenger/utils.rb:479:in `safe_fork'
 /usr/local/rvm/gems/ruby-1.9.2-p180/gems/passenger-3.0.7/lib/phusion_passenger/rack/application_spawner.rb:165:in `handle_spawn_application'
 /usr/local/rvm/gems/ruby-1.9.2-p180/gems/passenger-3.0.7/lib/phusion_passenger/abstract_server.rb:357:in `server_main_loop'
 /usr/local/rvm/gems/ruby-1.9.2-p180/gems/passenger-3.0.7/lib/phusion_passenger/abstract_server.rb:206:in `start_synchronously'
 /usr/local/rvm/gems/ruby-1.9.2-p180/gems/passenger-3.0.7/lib/phusion_passenger/abstract_server.rb:180:in `start'
 /usr/local/rvm/gems/ruby-1.9.2-p180/gems/passenger-3.0.7/lib/phusion_passenger/rack/application_spawner.rb:128:in `start'
 /usr/local/rvm/gems/ruby-1.9.2-p180/gems/passenger-3.0.7/lib/phusion_passenger/spawn_manager.rb:253:in `block (2 levels) in spawn_rack_application'
 /usr/local/rvm/gems/ruby-1.9.2-p180/gems/passenger-3.0.7/lib/phusion_passenger/abstract_server_collection.rb:132:in `lookup_or_add'
 /usr/local/rvm/gems/ruby-1.9.2-p180/gems/passenger-3.0.7/lib/phusion_passenger/spawn_manager.rb:246:in `block in spawn_rack_application'
 /usr/local/rvm/gems/ruby-1.9.2-p180/gems/passenger-3.0.7/lib/phusion_passenger/abstract_server_collection.rb:82:in `block in synchronize'
 <internal:prelude>:10:in `synchronize'
 /usr/local/rvm/gems/ruby-1.9.2-p180/gems/passenger-3.0.7/lib/phusion_passenger/abstract_server_collection.rb:79:in `synchronize'
 /usr/local/rvm/gems/ruby-1.9.2-p180/gems/passenger-3.0.7/lib/phusion_passenger/spawn_manager.rb:244:in `spawn_rack_application'
 /usr/local/rvm/gems/ruby-1.9.2-p180/gems/passenger-3.0.7/lib/phusion_passenger/spawn_manager.rb:137:in `spawn_application'
 /usr/local/rvm/gems/ruby-1.9.2-p180/gems/passenger-3.0.7/lib/phusion_passenger/spawn_manager.rb:275:in `handle_spawn_application'
 /usr/local/rvm/gems/ruby-1.9.2-p180/gems/passenger-3.0.7/lib/phusion_passenger/abstract_server.rb:357:in `server_main_loop'
 /usr/local/rvm/gems/ruby-1.9.2-p180/gems/passenger-3.0.7/lib/phusion_passenger/abstract_server.rb:206:in `start_synchronously'
 /usr/local/rvm/gems/ruby-1.9.2-p180/gems/passenger-3.0.7/helper-scripts/passenger-spawn-server:99:in `<main>'
173.30.146.172 - - [19/Jul/2011 20:01:45] "GET /__sinatra__/500.png " 404 18 0.0010
Haml::SyntaxError - Illegal element: classes and ids must have values.:
 /var/sinatra/views/index.haml:1
 /usr/local/rvm/gems/ruby-1.9.2-p180/gems/haml-3.1.2/lib/haml/parser.rb:466:in `parse_tag'
 /usr/local/rvm/gems/ruby-1.9.2-p180/gems/haml-3.1.2/lib/haml/parser.rb:280:in `tag'
 /usr/local/rvm/gems/ruby-1.9.2-p180/gems/haml-3.1.2/lib/haml/parser.rb:359:in `div'
 /usr/local/rvm/gems/ruby-1.9.2-p180/gems/haml-3.1.2/lib/haml/parser.rb:185:in `process_line'
 /usr/local/rvm/gems/ruby-1.9.2-p180/gems/haml-3.1.2/lib/haml/parser.rb:148:in `parse'
 /usr/local/rvm/gems/ruby-1.9.2-p180/gems/haml-3.1.2/lib/haml/engine.rb:124:in `initialize'
 /usr/local/rvm/gems/ruby-1.9.2-p180/gems/tilt-1.3.2/lib/tilt/haml.rb:19:in `new'
 /usr/local/rvm/gems/ruby-1.9.2-p180/gems/tilt-1.3.2/lib/tilt/haml.rb:19:in `prepare'
 /usr/local/rvm/gems/ruby-1.9.2-p180/gems/tilt-1.3.2/lib/tilt/template.rb:69:in `initialize'
 /usr/local/rvm/gems/ruby-1.9.2-p180/gems/sinatra-1.2.6/lib/sinatra/base.rb:599:in `new'
 /usr/local/rvm/gems/ruby-1.9.2-p180/gems/sinatra-1.2.6/lib/sinatra/base.rb:599:in `block in compile_template'
 /usr/local/rvm/gems/ruby-1.9.2-p180/gems/tilt-1.3.2/lib/tilt.rb:127:in `fetch'
 /usr/local/rvm/gems/ruby-1.9.2-p180/gems/sinatra-1.2.6/lib/sinatra/base.rb:578:in `compile_template'
 /usr/local/rvm/gems/ruby-1.9.2-p180/gems/sinatra-1.2.6/lib/sinatra/base.rb:562:in `render'
 /usr/local/rvm/gems/ruby-1.9.2-p180/gems/sinatra-1.2.6/lib/sinatra/base.rb:463:in `haml'
 /var/sinatra/app.rb:24:in `block in <top (required)>'
 /usr/local/rvm/gems/ruby-1.9.2-p180/gems/sinatra-1.2.6/lib/sinatra/base.rb:1152:in `call'
 /usr/local/rvm/gems/ruby-1.9.2-p180/gems/sinatra-1.2.6/lib/sinatra/base.rb:1152:in `block in compile!'
 /usr/local/rvm/gems/ruby-1.9.2-p180/gems/sinatra-1.2.6/lib/sinatra/base.rb:724:in `instance_eval'
 /usr/local/rvm/gems/ruby-1.9.2-p180/gems/sinatra-1.2.6/lib/sinatra/base.rb:724:in `route_eval'
 /usr/local/rvm/gems/ruby-1.9.2-p180/gems/sinatra-1.2.6/lib/sinatra/base.rb:708:in `block (2 levels) in route!'
 /usr/local/rvm/gems/ruby-1.9.2-p180/gems/sinatra-1.2.6/lib/sinatra/base.rb:758:in `block in process_route'
 /usr/local/rvm/gems/ruby-1.9.2-p180/gems/sinatra-1.2.6/lib/sinatra/base.rb:755:in `catch'
 /usr/local/rvm/gems/ruby-1.9.2-p180/gems/sinatra-1.2.6/lib/sinatra/base.rb:755:in `process_route'
 /usr/local/rvm/gems/ruby-1.9.2-p180/gems/sinatra-1.2.6/lib/sinatra/base.rb:707:in `block in route!'
 /usr/local/rvm/gems/ruby-1.9.2-p180/gems/sinatra-1.2.6/lib/sinatra/base.rb:706:in `each'
 /usr/local/rvm/gems/ruby-1.9.2-p180/gems/sinatra-1.2.6/lib/sinatra/base.rb:706:in `route!'
 /usr/local/rvm/gems/ruby-1.9.2-p180/gems/sinatra-1.2.6/lib/sinatra/base.rb:843:in `dispatch!'
 /usr/local/rvm/gems/ruby-1.9.2-p180/gems/sinatra-1.2.6/lib/sinatra/base.rb:644:in `block in call!'
 /usr/local/rvm/gems/ruby-1.9.2-p180/gems/sinatra-1.2.6/lib/sinatra/base.rb:808:in `instance_eval'
 /usr/local/rvm/gems/ruby-1.9.2-p180/gems/sinatra-1.2.6/lib/sinatra/base.rb:808:in `block in invoke'
 /usr/local/rvm/gems/ruby-1.9.2-p180/gems/sinatra-1.2.6/lib/sinatra/base.rb:808:in `catch'
 /usr/local/rvm/gems/ruby-1.9.2-p180/gems/sinatra-1.2.6/lib/sinatra/base.rb:808:in `invoke'
 /usr/local/rvm/gems/ruby-1.9.2-p180/gems/sinatra-1.2.6/lib/sinatra/base.rb:644:in `call!'
 /usr/local/rvm/gems/ruby-1.9.2-p180/gems/sinatra-1.2.6/lib/sinatra/base.rb:629:in `call'
 /usr/local/rvm/gems/ruby-1.9.2-p180/gems/rack-1.3.1/lib/rack/head.rb:9:in `call'
 /usr/local/rvm/gems/ruby-1.9.2-p180/gems/rack-1.3.1/lib/rack/commonlogger.rb:20:in `call'
 /usr/local/rvm/gems/ruby-1.9.2-p180/gems/sinatra-1.2.6/lib/sinatra/showexceptions.rb:21:in `call'
 /usr/local/rvm/gems/ruby-1.9.2-p180/gems/rack-1.3.1/lib/rack/methodoverride.rb:24:in `call'
 /usr/local/rvm/gems/ruby-1.9.2-p180/gems/sinatra-1.2.6/lib/sinatra/base.rb:1272:in `block in call'
 /usr/local/rvm/gems/ruby-1.9.2-p180/gems/sinatra-1.2.6/lib/sinatra/base.rb:1303:in `synchronize'
 /usr/local/rvm/gems/ruby-1.9.2-p180/gems/sinatra-1.2.6/lib/sinatra/base.rb:1272:in `call'
 /usr/local/rvm/gems/ruby-1.9.2-p180/gems/passenger-3.0.7/lib/phusion_passenger/rack/request_handler.rb:96:in `process_request'
 /usr/local/rvm/gems/ruby-1.9.2-p180/gems/passenger-3.0.7/lib/phusion_passenger/abstract_request_handler.rb:513:in `accept_and_process_next_request'
 /usr/local/rvm/gems/ruby-1.9.2-p180/gems/passenger-3.0.7/lib/phusion_passenger/abstract_request_handler.rb:274:in `main_loop'
 /usr/local/rvm/gems/ruby-1.9.2-p180/gems/passenger-3.0.7/lib/phusion_passenger/rack/application_spawner.rb:205:in `start_request_handler'
 /usr/local/rvm/gems/ruby-1.9.2-p180/gems/passenger-3.0.7/lib/phusion_passenger/rack/application_spawner.rb:170:in `block in handle_spawn_application'
 /usr/local/rvm/gems/ruby-1.9.2-p180/gems/passenger-3.0.7/lib/phusion_passenger/utils.rb:479:in `safe_fork'
 /usr/local/rvm/gems/ruby-1.9.2-p180/gems/passenger-3.0.7/lib/phusion_passenger/rack/application_spawner.rb:165:in `handle_spawn_application'
 /usr/local/rvm/gems/ruby-1.9.2-p180/gems/passenger-3.0.7/lib/phusion_passenger/abstract_server.rb:357:in `server_main_loop'
 /usr/local/rvm/gems/ruby-1.9.2-p180/gems/passenger-3.0.7/lib/phusion_passenger/abstract_server.rb:206:in `start_synchronously'
 /usr/local/rvm/gems/ruby-1.9.2-p180/gems/passenger-3.0.7/lib/phusion_passenger/abstract_server.rb:180:in `start'
 /usr/local/rvm/gems/ruby-1.9.2-p180/gems/passenger-3.0.7/lib/phusion_passenger/rack/application_spawner.rb:128:in `start'
 /usr/local/rvm/gems/ruby-1.9.2-p180/gems/passenger-3.0.7/lib/phusion_passenger/spawn_manager.rb:253:in `block (2 levels) in spawn_rack_application'
 /usr/local/rvm/gems/ruby-1.9.2-p180/gems/passenger-3.0.7/lib/phusion_passenger/abstract_server_collection.rb:132:in `lookup_or_add'
 /usr/local/rvm/gems/ruby-1.9.2-p180/gems/passenger-3.0.7/lib/phusion_passenger/spawn_manager.rb:246:in `block in spawn_rack_application'
 /usr/local/rvm/gems/ruby-1.9.2-p180/gems/passenger-3.0.7/lib/phusion_passenger/abstract_server_collection.rb:82:in `block in synchronize'
 <internal:prelude>:10:in `synchronize'
 /usr/local/rvm/gems/ruby-1.9.2-p180/gems/passenger-3.0.7/lib/phusion_passenger/abstract_server_collection.rb:79:in `synchronize'
 /usr/local/rvm/gems/ruby-1.9.2-p180/gems/passenger-3.0.7/lib/phusion_passenger/spawn_manager.rb:244:in `spawn_rack_application'
 /usr/local/rvm/gems/ruby-1.9.2-p180/gems/passenger-3.0.7/lib/phusion_passenger/spawn_manager.rb:137:in `spawn_application'
 /usr/local/rvm/gems/ruby-1.9.2-p180/gems/passenger-3.0.7/lib/phusion_passenger/spawn_manager.rb:275:in `handle_spawn_application'
 /usr/local/rvm/gems/ruby-1.9.2-p180/gems/passenger-3.0.7/lib/phusion_passenger/abstract_server.rb:357:in `server_main_loop'
 /usr/local/rvm/gems/ruby-1.9.2-p180/gems/passenger-3.0.7/lib/phusion_passenger/abstract_server.rb:206:in `start_synchronously'
 /usr/local/rvm/gems/ruby-1.9.2-p180/gems/passenger-3.0.7/helper-scripts/passenger-spawn-server:99:in `<main>'